<?xml version="1.0" encoding="UTF-8"?>
<!-- Generated by org.testng.reporters.JUnitReportReporter -->
<testsuite hostname="Shivanis-MacBook-Air.local" failures="0" tests="1" name="com.crm.qa.testcases.ContactPageTest" time="6.319" errors="0" timestamp="2025-02-23T13:45:08 PST" skipped="0">
  <testcase classname="com.crm.qa.testcases.ContactPageTest" name="EnterCredentialsTest" time="6.319"/>
  <system-out/>
</testsuite> <!-- com.crm.qa.testcases.ContactPageTest -->
