<?xml version="1.0" encoding="UTF-8"?>
<!-- Generated by org.testng.reporters.JUnitReportReporter -->
<testsuite hostname="Shivanis-MacBook-Air.local" failures="0" tests="3" name="com.crm.qa.testcases.HomePageTest" time="20.104" errors="0" timestamp="2025-02-23T13:45:08 PST" skipped="0">
  <testcase classname="com.crm.qa.testcases.HomePageTest" name="verifyHomePageTitleTest" time="5.165"/>
  <system-out/>
  <testcase classname="com.crm.qa.testcases.HomePageTest" name="verifycorrectusernameTest" time="7.739"/>
  <system-out/>
  <testcase classname="com.crm.qa.testcases.HomePageTest" name="verifycontactlinkTest" time="7.200"/>
  <system-out/>
</testsuite> <!-- com.crm.qa.testcases.HomePageTest -->
